

********************** BEGIN DEBUGGER SESSION *************************
draw
sleep
debug
rdi: 0x0000000000 rsi: 0x0000000000  rsp: 0x00001FFFD8 rbp: 0x00001FFFD8 rax: 0x0000000005
r10: 0x0000000000 r11: 0x0000000000  r12: 0x0000001389 r13: 0x0000000000 r14: 0x0000000000
debug
rdi: 0x00000000-1 rsi: 0x00000000-1  rsp: 0x00001FFFD8 rbp: 0x00001FFFD8 rax: 0x0000000005
r10: 0x0000000000 r11: 0x0000000000  r12: 0x0000001389 r13: 0x0000000000 r14: 0x0000000000
debug
rdi: 0x00000001A5 rsi: 0x00001FFFD8  rsp: 0x00001FFFD8 rbp: 0x00001FFFD8 rax: 0x0000000001
r10: 0x0000000000 r11: 0x0000000000  r12: 0x0000001389 r13: 0x0000000000 r14: 0x0000000000
debug
rdi: 0x00000001DD rsi: 0x00001FFFD9  rsp: 0x00001FFFD8 rbp: 0x00001FFFD8 rax: 0x0000000000
r10: 0x0000000000 r11: 0x0000000000  r12: 0x0000001389 r13: 0x0000000000 r14: 0x0000000000
debug
rdi: 0x0000000216 rsi: 0x00001FFFD9  rsp: 0x00001FFFD8 rbp: 0x00001FFFD8 rax: 0x0000000000
r10: 0x0000000000 r11: 0x0000000000  r12: 0x0000001389 r13: 0x0000000000 r14: 0x0000000000
debug
rdi: 0x000000024D rsi: 0x00001FFFD8  rsp: 0x00001FFFD8 rbp: 0x00001FFFD8 rax: 0x0000000000
r10: 0x0000000000 r11: 0x0000000000  r12: 0x0000001389 r13: 0x0000000000 r14: 0x0000000000
debug
rdi: 0x0000000288 rsi: 0x00001FFFD9  rsp: 0x00001FFFD8 rbp: 0x00001FFFD8 rax: 0x0000000000
r10: 0x0000000000 r11: 0x0000000000  r12: 0x0000001389 r13: 0x0000000000 r14: 0x0000000000
debug
rdi: 0x00000002C2 rsi: 0x00001FFFD8  rsp: 0x00001FFFD8 rbp: 0x00001FFFD8 rax: 0x0000000000
r10: 0x0000000000 r11: 0x0000000000  r12: 0x0000001389 r13: 0x0000000000 r14: 0x0000000000
debug
rdi: 0x00000002FB rsi: 0x00001FFFD8  rsp: 0x00001FFFD8 rbp: 0x00001FFFD8 rax: 0x0000000000
r10: 0x0000000000 r11: 0x0000000000  r12: 0x0000001389 r13: 0x0000000000 r14: 0x0000000000
